info it worked if it ends with ok
verbose cli [ 'node', '/usr/local/bin/npm', 'install', '-g' ]
info using npm@1.1.0-beta-4
info using node@v0.6.6
verbose config file /Users/jeroenb/.npmrc
verbose config file /usr/local/etc/npmrc
verbose config file /usr/local/lib/node_modules/npm/npmrc
silly exec /usr/local/bin/node "/usr/local/lib/node_modules/npm/bin/npm-get-uid-gid.js" "nobody" 145724160
silly spawning [ '/usr/local/bin/node',
silly spawning   [ '/usr/local/lib/node_modules/npm/bin/npm-get-uid-gid.js',
silly spawning     'nobody',
silly spawning     145724160 ],
silly spawning   null ]
silly output from getuid/gid {"uid":-2,"gid":145724160}
silly output from getuid/gid 
verbose into /usr/local/lib [ '.' ]
verbose cache add .
verbose cache add [ '.', null ]
silly cache add: name, spec, args [ undefined, '.', [ '.', null ] ]
verbose parsed url { pathname: '.', path: '.', href: '.' }
ERR! Could not install: .
ERR! Failed to parse json
ERR! Unexpected token ,
ERR! File: package.json
ERR! JSON.parse Failed to parse package.json data.
ERR! JSON.parse package.json must be actual JSON, not just JavaScript.
ERR! JSON.parse This is not a bug in npm.
ERR! JSON.parse Tell the package author to fix their package.json file.
ERR! 
ERR! System Darwin 10.8.0
ERR! command "node" "/usr/local/bin/npm" "install" "-g"
ERR! cwd /Volumes/data/Users/jeroenb/repos/voodoo
ERR! node -v v0.6.6
ERR! npm -v 1.1.0-beta-4
ERR! file package.json
ERR! code EJSONPARSE
ERR! message Failed to parse json
ERR! message Unexpected token ,
verbose exit [ 1, true ]
